<?xml version="1.0" encoding="UTF-8"?>
<!-- Generated by org.testng.reporters.JUnitReportReporter -->
<testsuite hostname="DESKTOP-CL6B6RR" failures="0" tests="1" name="com.star.TestStar" time="17.957" errors="0" timestamp="2025-02-05T10:25:06 IST" skipped="0">
  <testcase classname="com.star.TestStar" name="loginWithValidCredentials" time="17.957"/>
  <system-out/>
</testsuite> <!-- com.star.TestStar -->
